<?xml version="1.0" encoding="UTF-8"?>
<!-- Generated by org.testng.reporters.JUnitReportReporter -->
<testsuite skipped="0" hostname="Pradnya" name="com.wbl.test.HomePageTest" tests="4" failures="0" timestamp="21 Feb 2017 17:35:58 GMT" time="17.090" errors="0">
  <testcase name="testsigninClick" time="4.601" classname="com.wbl.test.HomePageTest"/>
  <testcase name="testSearchbox" time="8.462" classname="com.wbl.test.HomePageTest"/>
  <testcase name="testnewUser" time="1.526" classname="com.wbl.test.HomePageTest"/>
  <testcase name="testNavLink" time="2.501" classname="com.wbl.test.HomePageTest"/>
</testsuite> <!-- com.wbl.test.HomePageTest -->
