<?xml version="1.0" encoding="UTF-8"?>
<!-- Generated by org.testng.reporters.JUnitReportReporter -->
<testsuite skipped="0" hostname="Pradnya" name="com.wbl.page.HomePage" tests="1" failures="0" timestamp="28 Jan 2017 20:53:35 GMT" time="5.479" errors="0">
  <testcase name="nvigateToHomePage" time="5.479" classname="com.wbl.page.HomePage"/>
</testsuite> <!-- com.wbl.page.HomePage -->
