<?xml version="1.0" encoding="UTF-8"?>
<!-- Generated by org.testng.reporters.JUnitReportReporter -->
<testsuite skipped="0" hostname="Pradnya" name="com.wbl.test.LoginPageTest" tests="1" failures="0" timestamp="21 Feb 2017 17:35:58 GMT" time="2.046" errors="0">
  <testcase name="testlogin" time="2.046" classname="com.wbl.test.LoginPageTest"/>
</testsuite> <!-- com.wbl.test.LoginPageTest -->
