<?xml version="1.0" encoding="UTF-8"?>
<!-- Generated by org.testng.reporters.JUnitReportReporter -->
<testsuite skipped="0" hostname="Pradnya" name="com.wbl.test.RegisterPageTest" tests="1" failures="0" timestamp="21 Feb 2017 17:35:58 GMT" time="1.821" errors="0">
  <testcase name="testnewuserregister" time="1.821" classname="com.wbl.test.RegisterPageTest"/>
</testsuite> <!-- com.wbl.test.RegisterPageTest -->
