<?xml version="1.0" encoding="UTF-8"?>
<!-- Generated by org.testng.reporters.JUnitReportReporter -->
<testsuite skipped="0" hostname="Pradnya" name="com.wbl.test.SearchResultTest" tests="1" failures="0" timestamp="21 Feb 2017 17:35:58 GMT" time="21.734" errors="0">
  <testcase name="testresult" time="21.734" classname="com.wbl.test.SearchResultTest"/>
</testsuite> <!-- com.wbl.test.SearchResultTest -->
